
> geohealth@0.1.0 dev
> next dev

▲ Next.js 16.2.1 (Turbopack)
- Local:         http://localhost:3000
- Network:       http://192.168.0.2:3000
✓ Ready in 520ms

○ Compiling / ...
 GET / 200 in 11.2s (next.js: 10.0s, application-code: 1280ms)
 GET / 200 in 632ms (next.js: 83ms, application-code: 549ms)
 POST /api/geohealth?endpoint=classify 200 in 4.1s (next.js: 3.5s, application-code: 644ms)
 POST /api/geohealth?endpoint=classify-accessibility 200 in 15.2s (next.js: 7ms, application-code: 15.2s)
 POST /api/geohealth?endpoint=nearest-facility 200 in 839ms (next.js: 6ms, application-code: 833ms)
 GET / 200 in 323ms (next.js: 50ms, application-code: 273ms)
 POST /api/geohealth?endpoint=classify 200 in 640ms (next.js: 4ms, application-code: 636ms)
 POST /api/geohealth?endpoint=classify-accessibility 200 in 7.4s (next.js: 3ms, application-code: 7.4s)
 POST /api/geohealth?endpoint=nearest-facility 200 in 1477ms (next.js: 7ms, application-code: 1470ms)
 POST /api/geohealth?endpoint=classify 200 in 661ms (next.js: 14ms, application-code: 647ms)
 POST /api/geohealth?endpoint=classify-accessibility 200 in 8.0s (next.js: 29ms, application-code: 7.9s)
 POST /api/geohealth?endpoint=nearest-facility 200 in 8.0s (next.js: 38ms, application-code: 7.9s)
 POST /api/geohealth?endpoint=classify 200 in 617ms (next.js: 4ms, application-code: 613ms)
 POST /api/geohealth?endpoint=classify 200 in 630ms (next.js: 47ms, application-code: 583ms)
 GET / 200 in 470ms (next.js: 18ms, application-code: 452ms)
 GET / 200 in 348ms (next.js: 118ms, application-code: 230ms)
 POST /api/geohealth?endpoint=classify 200 in 576ms (next.js: 14ms, application-code: 562ms)
 POST /api/geohealth?endpoint=nearest-facility 200 in 7.9s (next.js: 42ms, application-code: 7.9s)
 POST /api/geohealth?endpoint=classify-accessibility 200 in 8.0s (next.js: 39ms, application-code: 7.9s)
