
> geohealth@0.1.0 dev
> next dev

▲ Next.js 16.2.1 (Turbopack)
- Local:         http://localhost:3000
- Network:       http://192.168.0.2:3000
✓ Ready in 536ms

⨯ ./src/app/page.tsx:4:1
Module not found: Can't resolve '@/components/Map'
  [90m2 |[0m
  [90m3 |[0m [36mimport[0m [33mReact[0m, { useState } [36mfrom[0m [32m'react'[0m;
[31m[1m>[0m [90m4 |[0m [36mimport[0m [33mMap[0m [36mfrom[0m [32m'@/components/Map'[0m;
  [90m  |[0m [31m[1m^^^^^^^^^^^^^^^^^^^^^^^^^^^^^^^^^^^[0m
  [90m5 |[0m [36mimport[0m [33mSidebar[0m, { cn } [36mfrom[0m [32m'@/components/Sidebar'[0m;
  [90m6 |[0m [36mimport[0m { fetchAllGeoHealthData } [36mfrom[0m [32m'@/lib/api'[0m;
  [90m7 |[0m [36mimport[0m { [33mGeoHealthResult[0m } [36mfrom[0m [32m'@/types/api'[0m;

Import map: aliased to relative './src/components/Map' inside of [project]/


Import traces:
  Client Component Browser:
    ./src/app/page.tsx [Client Component Browser]
    ./src/app/page.tsx [Server Component]

  Client Component SSR:
    ./src/app/page.tsx [Client Component SSR]
    ./src/app/page.tsx [Server Component]

https://nextjs.org/docs/messages/module-not-found



./src/app/page.tsx:5:1
Module not found: Can't resolve '@/components/Sidebar'
  [90m3 |[0m [36mimport[0m [33mReact[0m, { useState } [36mfrom[0m [32m'react'[0m;
  [90m4 |[0m [36mimport[0m [33mMap[0m [36mfrom[0m [32m'@/components/Map'[0m;
[31m[1m>[0m [90m5 |[0m [36mimport[0m [33mSidebar[0m, { cn } [36mfrom[0m [32m'@/components/Sidebar'[0m;
  [90m  |[0m [31m[1m^^^^^^^^^^^^^^^^^^^^^^^^^^^^^^^^^^^^^^^^^^^^^^^^^^^[0m
  [90m6 |[0m [36mimport[0m { fetchAllGeoHealthData } [36mfrom[0m [32m'@/lib/api'[0m;
  [90m7 |[0m [36mimport[0m { [33mGeoHealthResult[0m } [36mfrom[0m [32m'@/types/api'[0m;
  [90m8 |[0m [36mimport[0m { motion, [33mAnimatePresence[0m } [36mfrom[0m [32m'framer-motion'[0m;

Import map: aliased to relative './src/components/Sidebar' inside of [project]/


Import traces:
  Client Component Browser:
    ./src/app/page.tsx [Client Component Browser]
    ./src/app/page.tsx [Server Component]

  Client Component SSR:
    ./src/app/page.tsx [Client Component SSR]
    ./src/app/page.tsx [Server Component]

https://nextjs.org/docs/messages/module-not-found



./src/app/page.tsx:6:1
Module not found: Can't resolve '@/lib/api'
  [90m4 |[0m [36mimport[0m [33mMap[0m [36mfrom[0m [32m'@/components/Map'[0m;
  [90m5 |[0m [36mimport[0m [33mSidebar[0m, { cn } [36mfrom[0m [32m'@/components/Sidebar'[0m;
[31m[1m>[0m [90m6 |[0m [36mimport[0m { fetchAllGeoHealthData } [36mfrom[0m [32m'@/lib/api'[0m;
  [90m  |[0m [31m[1m^^^^^^^^^^^^^^^^^^^^^^^^^^^^^^^^^^^^^^^^^^^^^^^^^^[0m
  [90m7 |[0m [36mimport[0m { [33mGeoHealthResult[0m } [36mfrom[0m [32m'@/types/api'[0m;
  [90m8 |[0m [36mimport[0m { motion, [33mAnimatePresence[0m } [36mfrom[0m [32m'framer-motion'[0m;
  [90m9 |[0m [36mimport[0m { [33mX[0m, [33mMaximize2[0m, [33mMinimize2[0m } [36mfrom[0m [32m'lucide-react'[0m;

Import map: aliased to relative './src/lib/api' inside of [project]/


Import traces:
  Client Component Browser:
    ./src/app/page.tsx [Client Component Browser]
    ./src/app/page.tsx [Server Component]

  Client Component SSR:
    ./src/app/page.tsx [Client Component SSR]
    ./src/app/page.tsx [Server Component]

https://nextjs.org/docs/messages/module-not-found


 GET / 500 in 310ms (next.js: 126ms, application-code: 183ms)
[browser] Uncaught Error: ./src/app/page.tsx:4:1
Module not found: Can't resolve '@/components/Map'
  2 |
  3 | import React, { useState } from 'react';
> 4 | import Map from '@/components/Map';
    | ^^^^^^^^^^^^^^^^^^^^^^^^^^^^^^^^^^^
  5 | import Sidebar, { cn } from '@/components/Sidebar';
  6 | import { fetchAllGeoHealthData } from '@/lib/api';
  7 | import { GeoHealthResult } from '@/types/api';

Import map: aliased to relative './src/components/Map' inside of [project]/


Import traces:
  Client Component Browser:
    ./src/app/page.tsx [Client Component Browser]
    ./src/app/page.tsx [Server Component]

  Client Component SSR:
    ./src/app/page.tsx [Client Component SSR]
    ./src/app/page.tsx [Server Component]

https://nextjs.org/docs/messages/module-not-found


    at <unknown> (Error: ./src/app/page.tsx:4:1)
    at <unknown> (https://nextjs.org/docs/messages/module-not-found)
    at <unknown> (Error: (./src/app/page.tsx:4:1)
    at <unknown> (https://nextjs.org/docs/messages/module-not-found)
[browser] ./src/app/page.tsx:4:1
Module not found: Can't resolve '@/components/Map'
  2 |
  3 | import React, { useState } from 'react';
> 4 | import Map from '@/components/Map';
    | ^^^^^^^^^^^^^^^^^^^^^^^^^^^^^^^^^^^
  5 | import Sidebar, { cn } from '@/components/Sidebar';
  6 | import { fetchAllGeoHealthData } from '@/lib/api';
  7 | import { GeoHealthResult } from '@/types/api';

Import map: aliased to relative './src/components/Map' inside of [project]/

Import traces:
  Client Component Browser:
    ./src/app/page.tsx [Client Component Browser]
    ./src/app/page.tsx [Server Component]

  Client Component SSR:
    ./src/app/page.tsx [Client Component SSR]
    ./src/app/page.tsx [Server Component]

https://nextjs.org/docs/messages/module-not-found
[browser] ./src/app/page.tsx:5:1
Module not found: Can't resolve '@/components/Sidebar'
  3 | import React, { useState } from 'react';
  4 | import Map from '@/components/Map';
> 5 | import Sidebar, { cn } from '@/components/Sidebar';
    | ^^^^^^^^^^^^^^^^^^^^^^^^^^^^^^^^^^^^^^^^^^^^^^^^^^^
  6 | import { fetchAllGeoHealthData } from '@/lib/api';
  7 | import { GeoHealthResult } from '@/types/api';
  8 | import { motion, AnimatePresence } from 'framer-motion';

Import map: aliased to relative './src/components/Sidebar' inside of [project]/

Import traces:
  Client Component Browser:
    ./src/app/page.tsx [Client Component Browser]
    ./src/app/page.tsx [Server Component]

  Client Component SSR:
    ./src/app/page.tsx [Client Component SSR]
    ./src/app/page.tsx [Server Component]

https://nextjs.org/docs/messages/module-not-found
[browser] ./src/app/page.tsx:6:1
Module not found: Can't resolve '@/lib/api'
  4 | import Map from '@/components/Map';
  5 | import Sidebar, { cn } from '@/components/Sidebar';
> 6 | import { fetchAllGeoHealthData } from '@/lib/api';
    | ^^^^^^^^^^^^^^^^^^^^^^^^^^^^^^^^^^^^^^^^^^^^^^^^^^
  7 | import { GeoHealthResult } from '@/types/api';
  8 | import { motion, AnimatePresence } from 'framer-motion';
  9 | import { X, Maximize2, Minimize2 } from 'lucide-react';

Import map: aliased to relative './src/lib/api' inside of [project]/

Import traces:
  Client Component Browser:
    ./src/app/page.tsx [Client Component Browser]
    ./src/app/page.tsx [Server Component]

  Client Component SSR:
    ./src/app/page.tsx [Client Component SSR]
    ./src/app/page.tsx [Server Component]

https://nextjs.org/docs/messages/module-not-found
[browser] ./src/app/page.tsx:4:1
Module not found: Can't resolve '@/components/Map'
  2 |
  3 | import React, { useState } from 'react';
> 4 | import Map from '@/components/Map';
    | ^^^^^^^^^^^^^^^^^^^^^^^^^^^^^^^^^^^
  5 | import Sidebar, { cn } from '@/components/Sidebar';
  6 | import { fetchAllGeoHealthData } from '@/lib/api';
  7 | import { GeoHealthResult } from '@/types/api';

Import map: aliased to relative './src/components/Map' inside of [project]/

Import traces:
  Client Component Browser:
    ./src/app/page.tsx [Client Component Browser]
    ./src/app/page.tsx [Server Component]

  Client Component SSR:
    ./src/app/page.tsx [Client Component SSR]
    ./src/app/page.tsx [Server Component]

https://nextjs.org/docs/messages/module-not-found
[browser] ./src/app/page.tsx:5:1
Module not found: Can't resolve '@/components/Sidebar'
  3 | import React, { useState } from 'react';
  4 | import Map from '@/components/Map';
> 5 | import Sidebar, { cn } from '@/components/Sidebar';
    | ^^^^^^^^^^^^^^^^^^^^^^^^^^^^^^^^^^^^^^^^^^^^^^^^^^^
  6 | import { fetchAllGeoHealthData } from '@/lib/api';
  7 | import { GeoHealthResult } from '@/types/api';
  8 | import { motion, AnimatePresence } from 'framer-motion';

Import map: aliased to relative './src/components/Sidebar' inside of [project]/

Import traces:
  Client Component Browser:
    ./src/app/page.tsx [Client Component Browser]
    ./src/app/page.tsx [Server Component]

  Client Component SSR:
    ./src/app/page.tsx [Client Component SSR]
    ./src/app/page.tsx [Server Component]

https://nextjs.org/docs/messages/module-not-found
[browser] ./src/app/page.tsx:6:1
Module not found: Can't resolve '@/lib/api'
  4 | import Map from '@/components/Map';
  5 | import Sidebar, { cn } from '@/components/Sidebar';
> 6 | import { fetchAllGeoHealthData } from '@/lib/api';
    | ^^^^^^^^^^^^^^^^^^^^^^^^^^^^^^^^^^^^^^^^^^^^^^^^^^
  7 | import { GeoHealthResult } from '@/types/api';
  8 | import { motion, AnimatePresence } from 'framer-motion';
  9 | import { X, Maximize2, Minimize2 } from 'lucide-react';

Import map: aliased to relative './src/lib/api' inside of [project]/

Import traces:
  Client Component Browser:
    ./src/app/page.tsx [Client Component Browser]
    ./src/app/page.tsx [Server Component]

  Client Component SSR:
    ./src/app/page.tsx [Client Component SSR]
    ./src/app/page.tsx [Server Component]

https://nextjs.org/docs/messages/module-not-found
[browser] ./src/app/page.tsx:4:1
Module not found: Can't resolve '@/components/Map'
  2 |
  3 | import React, { useState } from 'react';
> 4 | import Map from '@/components/Map';
    | ^^^^^^^^^^^^^^^^^^^^^^^^^^^^^^^^^^^
  5 | import Sidebar, { cn } from '@/components/Sidebar';
  6 | import { fetchAllGeoHealthData } from '@/lib/api';
  7 | import { GeoHealthResult } from '@/types/api';

Import map: aliased to relative './src/components/Map' inside of [project]/

Import traces:
  Client Component Browser:
    ./src/app/page.tsx [Client Component Browser]
    ./src/app/page.tsx [Server Component]

  Client Component SSR:
    ./src/app/page.tsx [Client Component SSR]
    ./src/app/page.tsx [Server Component]

https://nextjs.org/docs/messages/module-not-found
[browser] ./src/app/page.tsx:5:1
Module not found: Can't resolve '@/components/Sidebar'
  3 | import React, { useState } from 'react';
  4 | import Map from '@/components/Map';
> 5 | import Sidebar, { cn } from '@/components/Sidebar';
    | ^^^^^^^^^^^^^^^^^^^^^^^^^^^^^^^^^^^^^^^^^^^^^^^^^^^
  6 | import { fetchAllGeoHealthData } from '@/lib/api';
  7 | import { GeoHealthResult } from '@/types/api';
  8 | import { motion, AnimatePresence } from 'framer-motion';

Import map: aliased to relative './src/components/Sidebar' inside of [project]/

Import traces:
  Client Component Browser:
    ./src/app/page.tsx [Client Component Browser]
    ./src/app/page.tsx [Server Component]

  Client Component SSR:
    ./src/app/page.tsx [Client Component SSR]
    ./src/app/page.tsx [Server Component]

https://nextjs.org/docs/messages/module-not-found
[browser] ./src/app/page.tsx:6:1
Module not found: Can't resolve '@/lib/api'
  4 | import Map from '@/components/Map';
  5 | import Sidebar, { cn } from '@/components/Sidebar';
> 6 | import { fetchAllGeoHealthData } from '@/lib/api';
    | ^^^^^^^^^^^^^^^^^^^^^^^^^^^^^^^^^^^^^^^^^^^^^^^^^^
  7 | import { GeoHealthResult } from '@/types/api';
  8 | import { motion, AnimatePresence } from 'framer-motion';
  9 | import { X, Maximize2, Minimize2 } from 'lucide-react';

Import map: aliased to relative './src/lib/api' inside of [project]/

Import traces:
  Client Component Browser:
    ./src/app/page.tsx [Client Component Browser]
    ./src/app/page.tsx [Server Component]

  Client Component SSR:
    ./src/app/page.tsx [Client Component SSR]
    ./src/app/page.tsx [Server Component]

https://nextjs.org/docs/messages/module-not-found
⨯ ./src/app/page.tsx:4:1
Module not found: Can't resolve '../components/Map'
  [90m2 |[0m
  [90m3 |[0m [36mimport[0m [33mReact[0m, { useState } [36mfrom[0m [32m'react'[0m;
[31m[1m>[0m [90m4 |[0m [36mimport[0m [33mMap[0m [36mfrom[0m [32m'../components/Map'[0m;
  [90m  |[0m [31m[1m^^^^^^^^^^^^^^^^^^^^^^^^^^^^^^^^^^^^[0m
  [90m5 |[0m [36mimport[0m [33mSidebar[0m, { cn } [36mfrom[0m [32m'../components/Sidebar'[0m;
  [90m6 |[0m [36mimport[0m { fetchAllGeoHealthData } [36mfrom[0m [32m'../lib/api'[0m;
  [90m7 |[0m [36mimport[0m { [33mGeoHealthResult[0m } [36mfrom[0m [32m'../types/api'[0m;



Import traces:
  Client Component Browser:
    ./src/app/page.tsx [Client Component Browser]
    ./src/app/page.tsx [Server Component]

  Client Component SSR:
    ./src/app/page.tsx [Client Component SSR]
    ./src/app/page.tsx [Server Component]

https://nextjs.org/docs/messages/module-not-found


⨯ ./src/app/page.tsx:4:1
Module not found: Can't resolve '../components/Map'
  [90m2 |[0m
  [90m3 |[0m [36mimport[0m [33mReact[0m, { useState } [36mfrom[0m [32m'react'[0m;
[31m[1m>[0m [90m4 |[0m [36mimport[0m [33mMap[0m [36mfrom[0m [32m'../components/Map'[0m;
  [90m  |[0m [31m[1m^^^^^^^^^^^^^^^^^^^^^^^^^^^^^^^^^^^^[0m
  [90m5 |[0m [36mimport[0m [33mSidebar[0m, { cn } [36mfrom[0m [32m'../components/Sidebar'[0m;
  [90m6 |[0m [36mimport[0m { fetchAllGeoHealthData } [36mfrom[0m [32m'../lib/api'[0m;
  [90m7 |[0m [36mimport[0m { [33mGeoHealthResult[0m } [36mfrom[0m [32m'../types/api'[0m;



Import traces:
  Client Component Browser:
    ./src/app/page.tsx [Client Component Browser]
    ./src/app/page.tsx [Server Component]

  Client Component SSR:
    ./src/app/page.tsx [Client Component SSR]
    ./src/app/page.tsx [Server Component]

https://nextjs.org/docs/messages/module-not-found


⨯ ./src/app/page.tsx:4:1
Module not found: Can't resolve '../components/Map'
  [90m2 |[0m
  [90m3 |[0m [36mimport[0m [33mReact[0m, { useState } [36mfrom[0m [32m'react'[0m;
[31m[1m>[0m [90m4 |[0m [36mimport[0m [33mMap[0m [36mfrom[0m [32m'../components/Map'[0m;
  [90m  |[0m [31m[1m^^^^^^^^^^^^^^^^^^^^^^^^^^^^^^^^^^^^[0m
  [90m5 |[0m [36mimport[0m [33mSidebar[0m, { cn } [36mfrom[0m [32m'../components/Sidebar'[0m;
  [90m6 |[0m [36mimport[0m { fetchAllGeoHealthData } [36mfrom[0m [32m'../lib/api'[0m;
  [90m7 |[0m [36mimport[0m { [33mGeoHealthResult[0m } [36mfrom[0m [32m'../types/api'[0m;



Import traces:
  Client Component Browser:
    ./src/app/page.tsx [Client Component Browser]
    ./src/app/page.tsx [Server Component]

  Client Component SSR:
    ./src/app/page.tsx [Client Component SSR]
    ./src/app/page.tsx [Server Component]

https://nextjs.org/docs/messages/module-not-found


⨯ ./src/app/page.tsx:4:1
Module not found: Can't resolve '../components/Map'
  [90m2 |[0m
  [90m3 |[0m [36mimport[0m [33mReact[0m, { useState } [36mfrom[0m [32m'react'[0m;
[31m[1m>[0m [90m4 |[0m [36mimport[0m [33mMap[0m [36mfrom[0m [32m'../components/Map'[0m;
  [90m  |[0m [31m[1m^^^^^^^^^^^^^^^^^^^^^^^^^^^^^^^^^^^^[0m
  [90m5 |[0m [36mimport[0m [33mSidebar[0m, { cn } [36mfrom[0m [32m'../components/Sidebar'[0m;
  [90m6 |[0m [36mimport[0m { fetchAllGeoHealthData } [36mfrom[0m [32m'../lib/api'[0m;
  [90m7 |[0m [36mimport[0m { [33mGeoHealthResult[0m } [36mfrom[0m [32m'../types/api'[0m;



Import traces:
  Client Component Browser:
    ./src/app/page.tsx [Client Component Browser]
    ./src/app/page.tsx [Server Component]

  Client Component SSR:
    ./src/app/page.tsx [Client Component SSR]
    ./src/app/page.tsx [Server Component]

https://nextjs.org/docs/messages/module-not-found


⨯ ./src/app/page.tsx:5:1
Module not found: Can't resolve '../components/Sidebar'
  [90m3 |[0m [36mimport[0m [33mReact[0m, { useState } [36mfrom[0m [32m'react'[0m;
  [90m4 |[0m [36mimport[0m [33mMap[0m [36mfrom[0m [32m'../components/Map'[0m;
[31m[1m>[0m [90m5 |[0m [36mimport[0m [33mSidebar[0m, { cn } [36mfrom[0m [32m'../components/Sidebar'[0m;
  [90m  |[0m [31m[1m^^^^^^^^^^^^^^^^^^^^^^^^^^^^^^^^^^^^^^^^^^^^^^^^^^^^[0m
  [90m6 |[0m [36mimport[0m { fetchAllGeoHealthData } [36mfrom[0m [32m'../lib/api'[0m;
  [90m7 |[0m [36mimport[0m { [33mGeoHealthResult[0m } [36mfrom[0m [32m'../types/api'[0m;
  [90m8 |[0m [36mimport[0m { motion, [33mAnimatePresence[0m } [36mfrom[0m [32m'framer-motion'[0m;



Import traces:
  Client Component Browser:
    ./src/app/page.tsx [Client Component Browser]
    ./src/app/page.tsx [Server Component]

  Client Component SSR:
    ./src/app/page.tsx [Client Component SSR]
    ./src/app/page.tsx [Server Component]

https://nextjs.org/docs/messages/module-not-found


⨯ ./src/app/page.tsx:5:1
Module not found: Can't resolve '../components/Sidebar'
  [90m3 |[0m [36mimport[0m [33mReact[0m, { useState } [36mfrom[0m [32m'react'[0m;
  [90m4 |[0m [36mimport[0m [33mMap[0m [36mfrom[0m [32m'../components/Map'[0m;
[31m[1m>[0m [90m5 |[0m [36mimport[0m [33mSidebar[0m, { cn } [36mfrom[0m [32m'../components/Sidebar'[0m;
  [90m  |[0m [31m[1m^^^^^^^^^^^^^^^^^^^^^^^^^^^^^^^^^^^^^^^^^^^^^^^^^^^^[0m
  [90m6 |[0m [36mimport[0m { fetchAllGeoHealthData } [36mfrom[0m [32m'../lib/api'[0m;
  [90m7 |[0m [36mimport[0m { [33mGeoHealthResult[0m } [36mfrom[0m [32m'../types/api'[0m;
  [90m8 |[0m [36mimport[0m { motion, [33mAnimatePresence[0m } [36mfrom[0m [32m'framer-motion'[0m;



Import traces:
  Client Component Browser:
    ./src/app/page.tsx [Client Component Browser]
    ./src/app/page.tsx [Server Component]

  Client Component SSR:
    ./src/app/page.tsx [Client Component SSR]
    ./src/app/page.tsx [Server Component]

https://nextjs.org/docs/messages/module-not-found


⨯ ./src/app/page.tsx:5:1
Module not found: Can't resolve '../components/Sidebar'
  [90m3 |[0m [36mimport[0m [33mReact[0m, { useState } [36mfrom[0m [32m'react'[0m;
  [90m4 |[0m [36mimport[0m [33mMap[0m [36mfrom[0m [32m'../components/Map'[0m;
[31m[1m>[0m [90m5 |[0m [36mimport[0m [33mSidebar[0m, { cn } [36mfrom[0m [32m'../components/Sidebar'[0m;
  [90m  |[0m [31m[1m^^^^^^^^^^^^^^^^^^^^^^^^^^^^^^^^^^^^^^^^^^^^^^^^^^^^[0m
  [90m6 |[0m [36mimport[0m { fetchAllGeoHealthData } [36mfrom[0m [32m'../lib/api'[0m;
  [90m7 |[0m [36mimport[0m { [33mGeoHealthResult[0m } [36mfrom[0m [32m'../types/api'[0m;
  [90m8 |[0m [36mimport[0m { motion, [33mAnimatePresence[0m } [36mfrom[0m [32m'framer-motion'[0m;



Import traces:
  Client Component Browser:
    ./src/app/page.tsx [Client Component Browser]
    ./src/app/page.tsx [Server Component]

  Client Component SSR:
    ./src/app/page.tsx [Client Component SSR]
    ./src/app/page.tsx [Server Component]

https://nextjs.org/docs/messages/module-not-found


⨯ ./src/app/page.tsx:5:1
Module not found: Can't resolve '../components/Sidebar'
  [90m3 |[0m [36mimport[0m [33mReact[0m, { useState } [36mfrom[0m [32m'react'[0m;
  [90m4 |[0m [36mimport[0m [33mMap[0m [36mfrom[0m [32m'../components/Map'[0m;
[31m[1m>[0m [90m5 |[0m [36mimport[0m [33mSidebar[0m, { cn } [36mfrom[0m [32m'../components/Sidebar'[0m;
  [90m  |[0m [31m[1m^^^^^^^^^^^^^^^^^^^^^^^^^^^^^^^^^^^^^^^^^^^^^^^^^^^^[0m
  [90m6 |[0m [36mimport[0m { fetchAllGeoHealthData } [36mfrom[0m [32m'../lib/api'[0m;
  [90m7 |[0m [36mimport[0m { [33mGeoHealthResult[0m } [36mfrom[0m [32m'../types/api'[0m;
  [90m8 |[0m [36mimport[0m { motion, [33mAnimatePresence[0m } [36mfrom[0m [32m'framer-motion'[0m;



Import traces:
  Client Component Browser:
    ./src/app/page.tsx [Client Component Browser]
    ./src/app/page.tsx [Server Component]

  Client Component SSR:
    ./src/app/page.tsx [Client Component SSR]
    ./src/app/page.tsx [Server Component]

https://nextjs.org/docs/messages/module-not-found


⨯ ./src/app/page.tsx:5:1
Module not found: Can't resolve '../components/Sidebar'
  [90m3 |[0m [36mimport[0m [33mReact[0m, { useState } [36mfrom[0m [32m'react'[0m;
  [90m4 |[0m [36mimport[0m [33mMap[0m [36mfrom[0m [32m'../components/Map'[0m;
[31m[1m>[0m [90m5 |[0m [36mimport[0m [33mSidebar[0m, { cn } [36mfrom[0m [32m'../components/Sidebar'[0m;
  [90m  |[0m [31m[1m^^^^^^^^^^^^^^^^^^^^^^^^^^^^^^^^^^^^^^^^^^^^^^^^^^^^[0m
  [90m6 |[0m [36mimport[0m { fetchAllGeoHealthData } [36mfrom[0m [32m'../lib/api'[0m;
  [90m7 |[0m [36mimport[0m { [33mGeoHealthResult[0m } [36mfrom[0m [32m'../types/api'[0m;
  [90m8 |[0m [36mimport[0m { motion, [33mAnimatePresence[0m } [36mfrom[0m [32m'framer-motion'[0m;



Import traces:
  Client Component Browser:
    ./src/app/page.tsx [Client Component Browser]
    ./src/app/page.tsx [Server Component]

  Client Component SSR:
    ./src/app/page.tsx [Client Component SSR]
    ./src/app/page.tsx [Server Component]

https://nextjs.org/docs/messages/module-not-found


⨯ ./src/app/page.tsx:5:1
Module not found: Can't resolve '../components/Sidebar'
  [90m3 |[0m [36mimport[0m [33mReact[0m, { useState } [36mfrom[0m [32m'react'[0m;
  [90m4 |[0m [36mimport[0m [33mMap[0m [36mfrom[0m [32m'../components/Map'[0m;
[31m[1m>[0m [90m5 |[0m [36mimport[0m [33mSidebar[0m, { cn } [36mfrom[0m [32m'../components/Sidebar'[0m;
  [90m  |[0m [31m[1m^^^^^^^^^^^^^^^^^^^^^^^^^^^^^^^^^^^^^^^^^^^^^^^^^^^^[0m
  [90m6 |[0m [36mimport[0m { fetchAllGeoHealthData } [36mfrom[0m [32m'../lib/api'[0m;
  [90m7 |[0m [36mimport[0m { [33mGeoHealthResult[0m } [36mfrom[0m [32m'../types/api'[0m;
  [90m8 |[0m [36mimport[0m { motion, [33mAnimatePresence[0m } [36mfrom[0m [32m'framer-motion'[0m;



Import traces:
  Client Component Browser:
    ./src/app/page.tsx [Client Component Browser]
    ./src/app/page.tsx [Server Component]

  Client Component SSR:
    ./src/app/page.tsx [Client Component SSR]
    ./src/app/page.tsx [Server Component]

https://nextjs.org/docs/messages/module-not-found


⨯ ./src/app/page.tsx:6:1
Module not found: Can't resolve '../lib/api'
  [90m4 |[0m [36mimport[0m [33mMap[0m [36mfrom[0m [32m'../components/Map'[0m;
  [90m5 |[0m [36mimport[0m [33mSidebar[0m, { cn } [36mfrom[0m [32m'../components/Sidebar'[0m;
[31m[1m>[0m [90m6 |[0m [36mimport[0m { fetchAllGeoHealthData } [36mfrom[0m [32m'../lib/api'[0m;
  [90m  |[0m [31m[1m^^^^^^^^^^^^^^^^^^^^^^^^^^^^^^^^^^^^^^^^^^^^^^^^^^^[0m
  [90m7 |[0m [36mimport[0m { [33mGeoHealthResult[0m } [36mfrom[0m [32m'../types/api'[0m;
  [90m8 |[0m [36mimport[0m { motion, [33mAnimatePresence[0m } [36mfrom[0m [32m'framer-motion'[0m;
  [90m9 |[0m [36mimport[0m { [33mX[0m, [33mMaximize2[0m, [33mMinimize2[0m } [36mfrom[0m [32m'lucide-react'[0m;



Import traces:
  Client Component Browser:
    ./src/app/page.tsx [Client Component Browser]
    ./src/app/page.tsx [Server Component]

  Client Component SSR:
    ./src/app/page.tsx [Client Component SSR]
    ./src/app/page.tsx [Server Component]

https://nextjs.org/docs/messages/module-not-found


⨯ ./src/app/page.tsx:6:1
Module not found: Can't resolve '../lib/api'
  [90m4 |[0m [36mimport[0m [33mMap[0m [36mfrom[0m [32m'../components/Map'[0m;
  [90m5 |[0m [36mimport[0m [33mSidebar[0m, { cn } [36mfrom[0m [32m'../components/Sidebar'[0m;
[31m[1m>[0m [90m6 |[0m [36mimport[0m { fetchAllGeoHealthData } [36mfrom[0m [32m'../lib/api'[0m;
  [90m  |[0m [31m[1m^^^^^^^^^^^^^^^^^^^^^^^^^^^^^^^^^^^^^^^^^^^^^^^^^^^[0m
  [90m7 |[0m [36mimport[0m { [33mGeoHealthResult[0m } [36mfrom[0m [32m'../types/api'[0m;
  [90m8 |[0m [36mimport[0m { motion, [33mAnimatePresence[0m } [36mfrom[0m [32m'framer-motion'[0m;
  [90m9 |[0m [36mimport[0m { [33mX[0m, [33mMaximize2[0m, [33mMinimize2[0m } [36mfrom[0m [32m'lucide-react'[0m;



Import traces:
  Client Component Browser:
    ./src/app/page.tsx [Client Component Browser]
    ./src/app/page.tsx [Server Component]

  Client Component SSR:
    ./src/app/page.tsx [Client Component SSR]
    ./src/app/page.tsx [Server Component]

https://nextjs.org/docs/messages/module-not-found


⨯ ./src/app/page.tsx:6:1
Module not found: Can't resolve '../lib/api'
  [90m4 |[0m [36mimport[0m [33mMap[0m [36mfrom[0m [32m'../components/Map'[0m;
  [90m5 |[0m [36mimport[0m [33mSidebar[0m, { cn } [36mfrom[0m [32m'../components/Sidebar'[0m;
[31m[1m>[0m [90m6 |[0m [36mimport[0m { fetchAllGeoHealthData } [36mfrom[0m [32m'../lib/api'[0m;
  [90m  |[0m [31m[1m^^^^^^^^^^^^^^^^^^^^^^^^^^^^^^^^^^^^^^^^^^^^^^^^^^^[0m
  [90m7 |[0m [36mimport[0m { [33mGeoHealthResult[0m } [36mfrom[0m [32m'../types/api'[0m;
  [90m8 |[0m [36mimport[0m { motion, [33mAnimatePresence[0m } [36mfrom[0m [32m'framer-motion'[0m;
  [90m9 |[0m [36mimport[0m { [33mX[0m, [33mMaximize2[0m, [33mMinimize2[0m } [36mfrom[0m [32m'lucide-react'[0m;



Import traces:
  Client Component Browser:
    ./src/app/page.tsx [Client Component Browser]
    ./src/app/page.tsx [Server Component]

  Client Component SSR:
    ./src/app/page.tsx [Client Component SSR]
    ./src/app/page.tsx [Server Component]

https://nextjs.org/docs/messages/module-not-found


⨯ ./src/app/page.tsx:6:1
Module not found: Can't resolve '../lib/api'
  [90m4 |[0m [36mimport[0m [33mMap[0m [36mfrom[0m [32m'../components/Map'[0m;
  [90m5 |[0m [36mimport[0m [33mSidebar[0m, { cn } [36mfrom[0m [32m'../components/Sidebar'[0m;
[31m[1m>[0m [90m6 |[0m [36mimport[0m { fetchAllGeoHealthData } [36mfrom[0m [32m'../lib/api'[0m;
  [90m  |[0m [31m[1m^^^^^^^^^^^^^^^^^^^^^^^^^^^^^^^^^^^^^^^^^^^^^^^^^^^[0m
  [90m7 |[0m [36mimport[0m { [33mGeoHealthResult[0m } [36mfrom[0m [32m'../types/api'[0m;
  [90m8 |[0m [36mimport[0m { motion, [33mAnimatePresence[0m } [36mfrom[0m [32m'framer-motion'[0m;
  [90m9 |[0m [36mimport[0m { [33mX[0m, [33mMaximize2[0m, [33mMinimize2[0m } [36mfrom[0m [32m'lucide-react'[0m;



Import traces:
  Client Component Browser:
    ./src/app/page.tsx [Client Component Browser]
    ./src/app/page.tsx [Server Component]

  Client Component SSR:
    ./src/app/page.tsx [Client Component SSR]
    ./src/app/page.tsx [Server Component]

https://nextjs.org/docs/messages/module-not-found


⨯ ./src/app/page.tsx:4:1
Module not found: Can't resolve '../components/Map'
  [90m2 |[0m
  [90m3 |[0m [36mimport[0m [33mReact[0m, { useState } [36mfrom[0m [32m'react'[0m;
[31m[1m>[0m [90m4 |[0m [36mimport[0m [33mMap[0m [36mfrom[0m [32m'../components/Map'[0m;
  [90m  |[0m [31m[1m^^^^^^^^^^^^^^^^^^^^^^^^^^^^^^^^^^^^[0m
  [90m5 |[0m [36mimport[0m [33mSidebar[0m, { cn } [36mfrom[0m [32m'../components/Sidebar'[0m;
  [90m6 |[0m [36mimport[0m { fetchAllGeoHealthData } [36mfrom[0m [32m'../lib/api'[0m;
  [90m7 |[0m [36mimport[0m { [33mGeoHealthResult[0m } [36mfrom[0m [32m'../types/api'[0m;



Import traces:
  Client Component Browser:
    ./src/app/page.tsx [Client Component Browser]
    ./src/app/page.tsx [Server Component]

  Client Component SSR:
    ./src/app/page.tsx [Client Component SSR]
    ./src/app/page.tsx [Server Component]

https://nextjs.org/docs/messages/module-not-found


⨯ ./src/app/page.tsx:4:1
Module not found: Can't resolve '../components/Map'
  [90m2 |[0m
  [90m3 |[0m [36mimport[0m [33mReact[0m, { useState } [36mfrom[0m [32m'react'[0m;
[31m[1m>[0m [90m4 |[0m [36mimport[0m [33mMap[0m [36mfrom[0m [32m'../components/Map'[0m;
  [90m  |[0m [31m[1m^^^^^^^^^^^^^^^^^^^^^^^^^^^^^^^^^^^^[0m
  [90m5 |[0m [36mimport[0m [33mSidebar[0m, { cn } [36mfrom[0m [32m'../components/Sidebar'[0m;
  [90m6 |[0m [36mimport[0m { fetchAllGeoHealthData } [36mfrom[0m [32m'../lib/api'[0m;
  [90m7 |[0m [36mimport[0m { [33mGeoHealthResult[0m } [36mfrom[0m [32m'../types/api'[0m;



Import traces:
  Client Component Browser:
    ./src/app/page.tsx [Client Component Browser]
    ./src/app/page.tsx [Server Component]

  Client Component SSR:
    ./src/app/page.tsx [Client Component SSR]
    ./src/app/page.tsx [Server Component]

https://nextjs.org/docs/messages/module-not-found


⨯ ./src/app/page.tsx:4:1
Module not found: Can't resolve '../components/Map'
  [90m2 |[0m
  [90m3 |[0m [36mimport[0m [33mReact[0m, { useState } [36mfrom[0m [32m'react'[0m;
[31m[1m>[0m [90m4 |[0m [36mimport[0m [33mMap[0m [36mfrom[0m [32m'../components/Map'[0m;
  [90m  |[0m [31m[1m^^^^^^^^^^^^^^^^^^^^^^^^^^^^^^^^^^^^[0m
  [90m5 |[0m [36mimport[0m [33mSidebar[0m, { cn } [36mfrom[0m [32m'../components/Sidebar'[0m;
  [90m6 |[0m [36mimport[0m { fetchAllGeoHealthData } [36mfrom[0m [32m'../lib/api'[0m;
  [90m7 |[0m [36mimport[0m { [33mGeoHealthResult[0m } [36mfrom[0m [32m'../types/api'[0m;



Import traces:
  Client Component Browser:
    ./src/app/page.tsx [Client Component Browser]
    ./src/app/page.tsx [Server Component]

  Client Component SSR:
    ./src/app/page.tsx [Client Component SSR]
    ./src/app/page.tsx [Server Component]

https://nextjs.org/docs/messages/module-not-found


⨯ ./src/app/page.tsx:4:1
Module not found: Can't resolve '../components/Map'
  [90m2 |[0m
  [90m3 |[0m [36mimport[0m [33mReact[0m, { useState } [36mfrom[0m [32m'react'[0m;
[31m[1m>[0m [90m4 |[0m [36mimport[0m [33mMap[0m [36mfrom[0m [32m'../components/Map'[0m;
  [90m  |[0m [31m[1m^^^^^^^^^^^^^^^^^^^^^^^^^^^^^^^^^^^^[0m
  [90m5 |[0m [36mimport[0m [33mSidebar[0m, { cn } [36mfrom[0m [32m'../components/Sidebar'[0m;
  [90m6 |[0m [36mimport[0m { fetchAllGeoHealthData } [36mfrom[0m [32m'../lib/api'[0m;
  [90m7 |[0m [36mimport[0m { [33mGeoHealthResult[0m } [36mfrom[0m [32m'../types/api'[0m;



Import traces:
  Client Component Browser:
    ./src/app/page.tsx [Client Component Browser]
    ./src/app/page.tsx [Server Component]

  Client Component SSR:
    ./src/app/page.tsx [Client Component SSR]
    ./src/app/page.tsx [Server Component]

https://nextjs.org/docs/messages/module-not-found


⨯ ./src/app/page.tsx:5:1
Module not found: Can't resolve '../components/Sidebar'
  [90m3 |[0m [36mimport[0m [33mReact[0m, { useState } [36mfrom[0m [32m'react'[0m;
  [90m4 |[0m [36mimport[0m [33mMap[0m [36mfrom[0m [32m'../components/Map'[0m;
[31m[1m>[0m [90m5 |[0m [36mimport[0m [33mSidebar[0m, { cn } [36mfrom[0m [32m'../components/Sidebar'[0m;
  [90m  |[0m [31m[1m^^^^^^^^^^^^^^^^^^^^^^^^^^^^^^^^^^^^^^^^^^^^^^^^^^^^[0m
  [90m6 |[0m [36mimport[0m { fetchAllGeoHealthData } [36mfrom[0m [32m'../lib/api'[0m;
  [90m7 |[0m [36mimport[0m { [33mGeoHealthResult[0m } [36mfrom[0m [32m'../types/api'[0m;
  [90m8 |[0m [36mimport[0m { motion, [33mAnimatePresence[0m } [36mfrom[0m [32m'framer-motion'[0m;



Import traces:
  Client Component Browser:
    ./src/app/page.tsx [Client Component Browser]
    ./src/app/page.tsx [Server Component]

  Client Component SSR:
    ./src/app/page.tsx [Client Component SSR]
    ./src/app/page.tsx [Server Component]

https://nextjs.org/docs/messages/module-not-found


⨯ ./src/app/page.tsx:5:1
Module not found: Can't resolve '../components/Sidebar'
  [90m3 |[0m [36mimport[0m [33mReact[0m, { useState } [36mfrom[0m [32m'react'[0m;
  [90m4 |[0m [36mimport[0m [33mMap[0m [36mfrom[0m [32m'../components/Map'[0m;
[31m[1m>[0m [90m5 |[0m [36mimport[0m [33mSidebar[0m, { cn } [36mfrom[0m [32m'../components/Sidebar'[0m;
  [90m  |[0m [31m[1m^^^^^^^^^^^^^^^^^^^^^^^^^^^^^^^^^^^^^^^^^^^^^^^^^^^^[0m
  [90m6 |[0m [36mimport[0m { fetchAllGeoHealthData } [36mfrom[0m [32m'../lib/api'[0m;
  [90m7 |[0m [36mimport[0m { [33mGeoHealthResult[0m } [36mfrom[0m [32m'../types/api'[0m;
  [90m8 |[0m [36mimport[0m { motion, [33mAnimatePresence[0m } [36mfrom[0m [32m'framer-motion'[0m;



Import traces:
  Client Component Browser:
    ./src/app/page.tsx [Client Component Browser]
    ./src/app/page.tsx [Server Component]

  Client Component SSR:
    ./src/app/page.tsx [Client Component SSR]
    ./src/app/page.tsx [Server Component]

https://nextjs.org/docs/messages/module-not-found


⨯ ./src/app/page.tsx:5:1
Module not found: Can't resolve '../components/Sidebar'
  [90m3 |[0m [36mimport[0m [33mReact[0m, { useState } [36mfrom[0m [32m'react'[0m;
  [90m4 |[0m [36mimport[0m [33mMap[0m [36mfrom[0m [32m'../components/Map'[0m;
[31m[1m>[0m [90m5 |[0m [36mimport[0m [33mSidebar[0m, { cn } [36mfrom[0m [32m'../components/Sidebar'[0m;
  [90m  |[0m [31m[1m^^^^^^^^^^^^^^^^^^^^^^^^^^^^^^^^^^^^^^^^^^^^^^^^^^^^[0m
  [90m6 |[0m [36mimport[0m { fetchAllGeoHealthData } [36mfrom[0m [32m'../lib/api'[0m;
  [90m7 |[0m [36mimport[0m { [33mGeoHealthResult[0m } [36mfrom[0m [32m'../types/api'[0m;
  [90m8 |[0m [36mimport[0m { motion, [33mAnimatePresence[0m } [36mfrom[0m [32m'framer-motion'[0m;



Import traces:
  Client Component Browser:
    ./src/app/page.tsx [Client Component Browser]
    ./src/app/page.tsx [Server Component]

  Client Component SSR:
    ./src/app/page.tsx [Client Component SSR]
    ./src/app/page.tsx [Server Component]

https://nextjs.org/docs/messages/module-not-found


⨯ ./src/app/page.tsx:5:1
Module not found: Can't resolve '../components/Sidebar'
  [90m3 |[0m [36mimport[0m [33mReact[0m, { useState } [36mfrom[0m [32m'react'[0m;
  [90m4 |[0m [36mimport[0m [33mMap[0m [36mfrom[0m [32m'../components/Map'[0m;
[31m[1m>[0m [90m5 |[0m [36mimport[0m [33mSidebar[0m, { cn } [36mfrom[0m [32m'../components/Sidebar'[0m;
  [90m  |[0m [31m[1m^^^^^^^^^^^^^^^^^^^^^^^^^^^^^^^^^^^^^^^^^^^^^^^^^^^^[0m
  [90m6 |[0m [36mimport[0m { fetchAllGeoHealthData } [36mfrom[0m [32m'../lib/api'[0m;
  [90m7 |[0m [36mimport[0m { [33mGeoHealthResult[0m } [36mfrom[0m [32m'../types/api'[0m;
  [90m8 |[0m [36mimport[0m { motion, [33mAnimatePresence[0m } [36mfrom[0m [32m'framer-motion'[0m;



Import traces:
  Client Component Browser:
    ./src/app/page.tsx [Client Component Browser]
    ./src/app/page.tsx [Server Component]

  Client Component SSR:
    ./src/app/page.tsx [Client Component SSR]
    ./src/app/page.tsx [Server Component]

https://nextjs.org/docs/messages/module-not-found


⨯ ./src/app/page.tsx:5:1
Module not found: Can't resolve '../components/Sidebar'
  [90m3 |[0m [36mimport[0m [33mReact[0m, { useState } [36mfrom[0m [32m'react'[0m;
  [90m4 |[0m [36mimport[0m [33mMap[0m [36mfrom[0m [32m'../components/Map'[0m;
[31m[1m>[0m [90m5 |[0m [36mimport[0m [33mSidebar[0m, { cn } [36mfrom[0m [32m'../components/Sidebar'[0m;
  [90m  |[0m [31m[1m^^^^^^^^^^^^^^^^^^^^^^^^^^^^^^^^^^^^^^^^^^^^^^^^^^^^[0m
  [90m6 |[0m [36mimport[0m { fetchAllGeoHealthData } [36mfrom[0m [32m'../lib/api'[0m;
  [90m7 |[0m [36mimport[0m { [33mGeoHealthResult[0m } [36mfrom[0m [32m'../types/api'[0m;
  [90m8 |[0m [36mimport[0m { motion, [33mAnimatePresence[0m } [36mfrom[0m [32m'framer-motion'[0m;



Import traces:
  Client Component Browser:
    ./src/app/page.tsx [Client Component Browser]
    ./src/app/page.tsx [Server Component]

  Client Component SSR:
    ./src/app/page.tsx [Client Component SSR]
    ./src/app/page.tsx [Server Component]

https://nextjs.org/docs/messages/module-not-found


⨯ ./src/app/page.tsx:5:1
Module not found: Can't resolve '../components/Sidebar'
  [90m3 |[0m [36mimport[0m [33mReact[0m, { useState } [36mfrom[0m [32m'react'[0m;
  [90m4 |[0m [36mimport[0m [33mMap[0m [36mfrom[0m [32m'../components/Map'[0m;
[31m[1m>[0m [90m5 |[0m [36mimport[0m [33mSidebar[0m, { cn } [36mfrom[0m [32m'../components/Sidebar'[0m;
  [90m  |[0m [31m[1m^^^^^^^^^^^^^^^^^^^^^^^^^^^^^^^^^^^^^^^^^^^^^^^^^^^^[0m
  [90m6 |[0m [36mimport[0m { fetchAllGeoHealthData } [36mfrom[0m [32m'../lib/api'[0m;
  [90m7 |[0m [36mimport[0m { [33mGeoHealthResult[0m } [36mfrom[0m [32m'../types/api'[0m;
  [90m8 |[0m [36mimport[0m { motion, [33mAnimatePresence[0m } [36mfrom[0m [32m'framer-motion'[0m;



Import traces:
  Client Component Browser:
    ./src/app/page.tsx [Client Component Browser]
    ./src/app/page.tsx [Server Component]

  Client Component SSR:
    ./src/app/page.tsx [Client Component SSR]
    ./src/app/page.tsx [Server Component]

https://nextjs.org/docs/messages/module-not-found


✓ Compiled in 3s
 GET / 200 in 1464ms (next.js: 454ms, application-code: 1010ms)
